Linked: (/home/tim/ROS/rl_sar_visual/devel/.private/robot_msgs/share/roseus/ros/robot_msgs/manifest.l, /home/tim/ROS/rl_sar_visual/devel/share/roseus/ros/robot_msgs/manifest.l)
Linked: (/home/tim/ROS/rl_sar_visual/devel/.private/robot_msgs/share/roseus/ros/robot_msgs/msg/IMU.l, /home/tim/ROS/rl_sar_visual/devel/share/roseus/ros/robot_msgs/msg/IMU.l)
Linked: (/home/tim/ROS/rl_sar_visual/devel/.private/robot_msgs/share/roseus/ros/robot_msgs/msg/MotorCommand.l, /home/tim/ROS/rl_sar_visual/devel/share/roseus/ros/robot_msgs/msg/MotorCommand.l)
Linked: (/home/tim/ROS/rl_sar_visual/devel/.private/robot_msgs/share/roseus/ros/robot_msgs/msg/RobotState.l, /home/tim/ROS/rl_sar_visual/devel/share/roseus/ros/robot_msgs/msg/RobotState.l)
Linked: (/home/tim/ROS/rl_sar_visual/devel/.private/robot_msgs/share/roseus/ros/robot_msgs/msg/MotorState.l, /home/tim/ROS/rl_sar_visual/devel/share/roseus/ros/robot_msgs/msg/MotorState.l)
Linked: (/home/tim/ROS/rl_sar_visual/devel/.private/robot_msgs/share/roseus/ros/robot_msgs/msg/RobotCommand.l, /home/tim/ROS/rl_sar_visual/devel/share/roseus/ros/robot_msgs/msg/RobotCommand.l)
Linked: (/home/tim/ROS/rl_sar_visual/devel/.private/robot_msgs/share/robot_msgs/cmake/robot_msgs-msg-extras.cmake, /home/tim/ROS/rl_sar_visual/devel/share/robot_msgs/cmake/robot_msgs-msg-extras.cmake)
Linked: (/home/tim/ROS/rl_sar_visual/devel/.private/robot_msgs/share/robot_msgs/cmake/robot_msgsConfig-version.cmake, /home/tim/ROS/rl_sar_visual/devel/share/robot_msgs/cmake/robot_msgsConfig-version.cmake)
Linked: (/home/tim/ROS/rl_sar_visual/devel/.private/robot_msgs/share/robot_msgs/cmake/robot_msgsConfig.cmake, /home/tim/ROS/rl_sar_visual/devel/share/robot_msgs/cmake/robot_msgsConfig.cmake)
Linked: (/home/tim/ROS/rl_sar_visual/devel/.private/robot_msgs/share/robot_msgs/cmake/robot_msgs-msg-paths.cmake, /home/tim/ROS/rl_sar_visual/devel/share/robot_msgs/cmake/robot_msgs-msg-paths.cmake)
Linked: (/home/tim/ROS/rl_sar_visual/devel/.private/robot_msgs/share/gennodejs/ros/robot_msgs/_index.js, /home/tim/ROS/rl_sar_visual/devel/share/gennodejs/ros/robot_msgs/_index.js)
Linked: (/home/tim/ROS/rl_sar_visual/devel/.private/robot_msgs/share/gennodejs/ros/robot_msgs/msg/RobotCommand.js, /home/tim/ROS/rl_sar_visual/devel/share/gennodejs/ros/robot_msgs/msg/RobotCommand.js)
Linked: (/home/tim/ROS/rl_sar_visual/devel/.private/robot_msgs/share/gennodejs/ros/robot_msgs/msg/MotorCommand.js, /home/tim/ROS/rl_sar_visual/devel/share/gennodejs/ros/robot_msgs/msg/MotorCommand.js)
Linked: (/home/tim/ROS/rl_sar_visual/devel/.private/robot_msgs/share/gennodejs/ros/robot_msgs/msg/RobotState.js, /home/tim/ROS/rl_sar_visual/devel/share/gennodejs/ros/robot_msgs/msg/RobotState.js)
Linked: (/home/tim/ROS/rl_sar_visual/devel/.private/robot_msgs/share/gennodejs/ros/robot_msgs/msg/MotorState.js, /home/tim/ROS/rl_sar_visual/devel/share/gennodejs/ros/robot_msgs/msg/MotorState.js)
Linked: (/home/tim/ROS/rl_sar_visual/devel/.private/robot_msgs/share/gennodejs/ros/robot_msgs/msg/_index.js, /home/tim/ROS/rl_sar_visual/devel/share/gennodejs/ros/robot_msgs/msg/_index.js)
Linked: (/home/tim/ROS/rl_sar_visual/devel/.private/robot_msgs/share/gennodejs/ros/robot_msgs/msg/IMU.js, /home/tim/ROS/rl_sar_visual/devel/share/gennodejs/ros/robot_msgs/msg/IMU.js)
Linked: (/home/tim/ROS/rl_sar_visual/devel/.private/robot_msgs/share/common-lisp/ros/robot_msgs/msg/robot_msgs-msg.asd, /home/tim/ROS/rl_sar_visual/devel/share/common-lisp/ros/robot_msgs/msg/robot_msgs-msg.asd)
Linked: (/home/tim/ROS/rl_sar_visual/devel/.private/robot_msgs/share/common-lisp/ros/robot_msgs/msg/_package_MotorState.lisp, /home/tim/ROS/rl_sar_visual/devel/share/common-lisp/ros/robot_msgs/msg/_package_MotorState.lisp)
Linked: (/home/tim/ROS/rl_sar_visual/devel/.private/robot_msgs/share/common-lisp/ros/robot_msgs/msg/MotorState.lisp, /home/tim/ROS/rl_sar_visual/devel/share/common-lisp/ros/robot_msgs/msg/MotorState.lisp)
Linked: (/home/tim/ROS/rl_sar_visual/devel/.private/robot_msgs/share/common-lisp/ros/robot_msgs/msg/_package_RobotState.lisp, /home/tim/ROS/rl_sar_visual/devel/share/common-lisp/ros/robot_msgs/msg/_package_RobotState.lisp)
Linked: (/home/tim/ROS/rl_sar_visual/devel/.private/robot_msgs/share/common-lisp/ros/robot_msgs/msg/RobotState.lisp, /home/tim/ROS/rl_sar_visual/devel/share/common-lisp/ros/robot_msgs/msg/RobotState.lisp)
Linked: (/home/tim/ROS/rl_sar_visual/devel/.private/robot_msgs/share/common-lisp/ros/robot_msgs/msg/_package.lisp, /home/tim/ROS/rl_sar_visual/devel/share/common-lisp/ros/robot_msgs/msg/_package.lisp)
Linked: (/home/tim/ROS/rl_sar_visual/devel/.private/robot_msgs/share/common-lisp/ros/robot_msgs/msg/_package_RobotCommand.lisp, /home/tim/ROS/rl_sar_visual/devel/share/common-lisp/ros/robot_msgs/msg/_package_RobotCommand.lisp)
Linked: (/home/tim/ROS/rl_sar_visual/devel/.private/robot_msgs/share/common-lisp/ros/robot_msgs/msg/RobotCommand.lisp, /home/tim/ROS/rl_sar_visual/devel/share/common-lisp/ros/robot_msgs/msg/RobotCommand.lisp)
Linked: (/home/tim/ROS/rl_sar_visual/devel/.private/robot_msgs/share/common-lisp/ros/robot_msgs/msg/_package_IMU.lisp, /home/tim/ROS/rl_sar_visual/devel/share/common-lisp/ros/robot_msgs/msg/_package_IMU.lisp)
Linked: (/home/tim/ROS/rl_sar_visual/devel/.private/robot_msgs/share/common-lisp/ros/robot_msgs/msg/MotorCommand.lisp, /home/tim/ROS/rl_sar_visual/devel/share/common-lisp/ros/robot_msgs/msg/MotorCommand.lisp)
Linked: (/home/tim/ROS/rl_sar_visual/devel/.private/robot_msgs/share/common-lisp/ros/robot_msgs/msg/_package_MotorCommand.lisp, /home/tim/ROS/rl_sar_visual/devel/share/common-lisp/ros/robot_msgs/msg/_package_MotorCommand.lisp)
Linked: (/home/tim/ROS/rl_sar_visual/devel/.private/robot_msgs/share/common-lisp/ros/robot_msgs/msg/IMU.lisp, /home/tim/ROS/rl_sar_visual/devel/share/common-lisp/ros/robot_msgs/msg/IMU.lisp)
Linked: (/home/tim/ROS/rl_sar_visual/devel/.private/robot_msgs/lib/python3/dist-packages/robot_msgs/__init__.py, /home/tim/ROS/rl_sar_visual/devel/lib/python3/dist-packages/robot_msgs/__init__.py)
Linked: (/home/tim/ROS/rl_sar_visual/devel/.private/robot_msgs/lib/python3/dist-packages/robot_msgs/msg/_MotorCommand.py, /home/tim/ROS/rl_sar_visual/devel/lib/python3/dist-packages/robot_msgs/msg/_MotorCommand.py)
Linked: (/home/tim/ROS/rl_sar_visual/devel/.private/robot_msgs/lib/python3/dist-packages/robot_msgs/msg/_IMU.py, /home/tim/ROS/rl_sar_visual/devel/lib/python3/dist-packages/robot_msgs/msg/_IMU.py)
Linked: (/home/tim/ROS/rl_sar_visual/devel/.private/robot_msgs/lib/python3/dist-packages/robot_msgs/msg/_MotorState.py, /home/tim/ROS/rl_sar_visual/devel/lib/python3/dist-packages/robot_msgs/msg/_MotorState.py)
Linked: (/home/tim/ROS/rl_sar_visual/devel/.private/robot_msgs/lib/python3/dist-packages/robot_msgs/msg/_RobotCommand.py, /home/tim/ROS/rl_sar_visual/devel/lib/python3/dist-packages/robot_msgs/msg/_RobotCommand.py)
Linked: (/home/tim/ROS/rl_sar_visual/devel/.private/robot_msgs/lib/python3/dist-packages/robot_msgs/msg/_RobotState.py, /home/tim/ROS/rl_sar_visual/devel/lib/python3/dist-packages/robot_msgs/msg/_RobotState.py)
Linked: (/home/tim/ROS/rl_sar_visual/devel/.private/robot_msgs/lib/python3/dist-packages/robot_msgs/msg/__init__.py, /home/tim/ROS/rl_sar_visual/devel/lib/python3/dist-packages/robot_msgs/msg/__init__.py)
Linked: (/home/tim/ROS/rl_sar_visual/devel/.private/robot_msgs/lib/pkgconfig/robot_msgs.pc, /home/tim/ROS/rl_sar_visual/devel/lib/pkgconfig/robot_msgs.pc)
Linked: (/home/tim/ROS/rl_sar_visual/devel/.private/robot_msgs/include/robot_msgs/RobotState.h, /home/tim/ROS/rl_sar_visual/devel/include/robot_msgs/RobotState.h)
Linked: (/home/tim/ROS/rl_sar_visual/devel/.private/robot_msgs/include/robot_msgs/RobotCommand.h, /home/tim/ROS/rl_sar_visual/devel/include/robot_msgs/RobotCommand.h)
Linked: (/home/tim/ROS/rl_sar_visual/devel/.private/robot_msgs/include/robot_msgs/MotorState.h, /home/tim/ROS/rl_sar_visual/devel/include/robot_msgs/MotorState.h)
Linked: (/home/tim/ROS/rl_sar_visual/devel/.private/robot_msgs/include/robot_msgs/IMU.h, /home/tim/ROS/rl_sar_visual/devel/include/robot_msgs/IMU.h)
Linked: (/home/tim/ROS/rl_sar_visual/devel/.private/robot_msgs/include/robot_msgs/MotorCommand.h, /home/tim/ROS/rl_sar_visual/devel/include/robot_msgs/MotorCommand.h)
