Symlinking /home/tim/ROS/rl_sar_visual/devel/share/roseus/ros/robot_msgs/manifest.l
Symlinking /home/tim/ROS/rl_sar_visual/devel/share/roseus/ros/robot_msgs/msg/IMU.l
Symlinking /home/tim/ROS/rl_sar_visual/devel/share/roseus/ros/robot_msgs/msg/MotorCommand.l
Symlinking /home/tim/ROS/rl_sar_visual/devel/share/roseus/ros/robot_msgs/msg/RobotState.l
Symlinking /home/tim/ROS/rl_sar_visual/devel/share/roseus/ros/robot_msgs/msg/MotorState.l
Symlinking /home/tim/ROS/rl_sar_visual/devel/share/roseus/ros/robot_msgs/msg/RobotCommand.l
Symlinking /home/tim/ROS/rl_sar_visual/devel/share/robot_msgs/cmake/robot_msgs-msg-extras.cmake
Symlinking /home/tim/ROS/rl_sar_visual/devel/share/robot_msgs/cmake/robot_msgsConfig-version.cmake
Symlinking /home/tim/ROS/rl_sar_visual/devel/share/robot_msgs/cmake/robot_msgsConfig.cmake
Symlinking /home/tim/ROS/rl_sar_visual/devel/share/robot_msgs/cmake/robot_msgs-msg-paths.cmake
Symlinking /home/tim/ROS/rl_sar_visual/devel/share/gennodejs/ros/robot_msgs/_index.js
Symlinking /home/tim/ROS/rl_sar_visual/devel/share/gennodejs/ros/robot_msgs/msg/RobotCommand.js
Symlinking /home/tim/ROS/rl_sar_visual/devel/share/gennodejs/ros/robot_msgs/msg/MotorCommand.js
Symlinking /home/tim/ROS/rl_sar_visual/devel/share/gennodejs/ros/robot_msgs/msg/RobotState.js
Symlinking /home/tim/ROS/rl_sar_visual/devel/share/gennodejs/ros/robot_msgs/msg/MotorState.js
Symlinking /home/tim/ROS/rl_sar_visual/devel/share/gennodejs/ros/robot_msgs/msg/_index.js
Symlinking /home/tim/ROS/rl_sar_visual/devel/share/gennodejs/ros/robot_msgs/msg/IMU.js
Symlinking /home/tim/ROS/rl_sar_visual/devel/share/common-lisp/ros/robot_msgs/msg/robot_msgs-msg.asd
Symlinking /home/tim/ROS/rl_sar_visual/devel/share/common-lisp/ros/robot_msgs/msg/_package_MotorState.lisp
Symlinking /home/tim/ROS/rl_sar_visual/devel/share/common-lisp/ros/robot_msgs/msg/MotorState.lisp
Symlinking /home/tim/ROS/rl_sar_visual/devel/share/common-lisp/ros/robot_msgs/msg/_package_RobotState.lisp
Symlinking /home/tim/ROS/rl_sar_visual/devel/share/common-lisp/ros/robot_msgs/msg/RobotState.lisp
Symlinking /home/tim/ROS/rl_sar_visual/devel/share/common-lisp/ros/robot_msgs/msg/_package.lisp
Symlinking /home/tim/ROS/rl_sar_visual/devel/share/common-lisp/ros/robot_msgs/msg/_package_RobotCommand.lisp
Symlinking /home/tim/ROS/rl_sar_visual/devel/share/common-lisp/ros/robot_msgs/msg/RobotCommand.lisp
Symlinking /home/tim/ROS/rl_sar_visual/devel/share/common-lisp/ros/robot_msgs/msg/_package_IMU.lisp
Symlinking /home/tim/ROS/rl_sar_visual/devel/share/common-lisp/ros/robot_msgs/msg/MotorCommand.lisp
Symlinking /home/tim/ROS/rl_sar_visual/devel/share/common-lisp/ros/robot_msgs/msg/_package_MotorCommand.lisp
Symlinking /home/tim/ROS/rl_sar_visual/devel/share/common-lisp/ros/robot_msgs/msg/IMU.lisp
Symlinking /home/tim/ROS/rl_sar_visual/devel/lib/python3/dist-packages/robot_msgs/__init__.py
Symlinking /home/tim/ROS/rl_sar_visual/devel/lib/python3/dist-packages/robot_msgs/msg/_MotorCommand.py
Symlinking /home/tim/ROS/rl_sar_visual/devel/lib/python3/dist-packages/robot_msgs/msg/_IMU.py
Symlinking /home/tim/ROS/rl_sar_visual/devel/lib/python3/dist-packages/robot_msgs/msg/_MotorState.py
Symlinking /home/tim/ROS/rl_sar_visual/devel/lib/python3/dist-packages/robot_msgs/msg/_RobotCommand.py
Symlinking /home/tim/ROS/rl_sar_visual/devel/lib/python3/dist-packages/robot_msgs/msg/_RobotState.py
Symlinking /home/tim/ROS/rl_sar_visual/devel/lib/python3/dist-packages/robot_msgs/msg/__init__.py
Symlinking /home/tim/ROS/rl_sar_visual/devel/lib/pkgconfig/robot_msgs.pc
Symlinking /home/tim/ROS/rl_sar_visual/devel/include/robot_msgs/RobotState.h
Symlinking /home/tim/ROS/rl_sar_visual/devel/include/robot_msgs/RobotCommand.h
Symlinking /home/tim/ROS/rl_sar_visual/devel/include/robot_msgs/MotorState.h
Symlinking /home/tim/ROS/rl_sar_visual/devel/include/robot_msgs/IMU.h
Symlinking /home/tim/ROS/rl_sar_visual/devel/include/robot_msgs/MotorCommand.h
